2025-11-21 07:27:13 info: manual
2025-11-21 07:30:31 info: {"id":"87f5b702-7156-4cc9-a3ff-37c9c858da9e","user_id":null,"action_id":"bef9f3ca-86ef-5c6a-9b38-320e03ceb5df","context":"GET \/settings.json","status":1,"created":"2025-11-21T07:30:31+00:00"}
2025-11-21 07:30:31 info: {"id":"c23afd8f-ea08-463a-bf6d-918cab564caa","user_id":null,"action_id":"bef9f3ca-86ef-5c6a-9b38-320e03ceb5df","context":"GET \/settings.json","status":1,"created":"2025-11-21T07:30:31+00:00"}
2025-11-21 07:30:31 info: {"id":"04141ca1-82d0-4021-90b6-1387ce47fc18","user_id":null,"action_id":"a3c19ad2-8920-5395-86d0-8567cb34f382","context":"POST \/auth\/verify.json","status":1,"created":"2025-11-21T07:30:31+00:00"}
2025-11-21 07:30:32 info: {"id":"d40b0b2d-2a8e-4f38-b897-d35634425172","user_id":null,"action_id":"82a46e11-97d0-58d2-a1bb-f87a83f5f7a1","context":"GET \/sso\/settings\/current.json","status":1,"created":"2025-11-21T07:30:32+00:00"}
2025-11-21 07:30:32 info: {"id":"58b6b065-31ca-4c48-98fc-77a8c6459be8","user_id":null,"action_id":"2559be58-4297-5739-b127-32416985c62a","context":"POST \/sso\/oauth2\/login.json","status":1,"created":"2025-11-21T07:30:32+00:00"}
2025-11-21 07:30:32 info: {"id":"c878c0a4-646e-44be-917f-7b4c8235bf19","user_id":null,"action_id":"6a7a483d-f2f7-534c-bd25-7129296d3ed5","context":"GET \/sso\/login\/success","status":1,"created":"2025-11-21T07:30:32+00:00"}
2025-11-21 07:30:32 info: {"id":"cbfa3516-b485-4751-a8f0-77b7e3ff5c94","user_id":null,"action_id":"21c9da24-da51-58da-8c0a-71a3d6e6a638","context":"GET \/sso\/keys\/5d7816ec-4e4d-408b-b483-65569f23772d\/0d43c1f0-706c-4f5d-8c25-8c506f7e219a\/5a98023f-d798-4d38-ae36-ad7c275141aa.json","status":1,"created":"2025-11-21T07:30:32+00:00"}
2025-11-21 07:30:32 info: {"id":"d8614173-b056-411a-8209-b49e816c2f03","user_id":null,"action_id":"a3c19ad2-8920-5395-86d0-8567cb34f382","context":"POST \/auth\/login.json","status":1,"created":"2025-11-21T07:30:32+00:00"}
2025-11-21 07:30:33 info: {"id":"9a637d15-0816-49ea-b553-c83bab80f86e","user_id":"0d43c1f0-706c-4f5d-8c25-8c506f7e219a","action_id":"a3c19ad2-8920-5395-86d0-8567cb34f382","context":"POST \/auth\/login.json","status":1,"created":"2025-11-21T07:30:33+00:00"}
2025-11-21 07:30:33 info: {"id":"7836c293-315b-4614-ab95-24b73ff051cc","user_id":"0d43c1f0-706c-4f5d-8c25-8c506f7e219a","action_id":"1035f824-fe76-5a69-b02c-9aa60a31858c","context":"GET \/","status":1,"created":"2025-11-21T07:30:33+00:00"}
2025-11-21 07:30:33 info: {"id":"53df4307-ef29-41fd-bb73-0f351f93a9cd","user_id":"0d43c1f0-706c-4f5d-8c25-8c506f7e219a","action_id":"9b473b19-0e3e-5efb-be19-8a1719843762","context":"GET \/account\/settings.json","status":1,"created":"2025-11-21T07:30:33+00:00"}
2025-11-21 07:30:33 info: {"id":"152e698f-eb59-4bb7-be27-409817b22690","user_id":"0d43c1f0-706c-4f5d-8c25-8c506f7e219a","action_id":"881ab948-e40f-5a72-91aa-54b442270029","context":"GET \/users\/0d43c1f0-706c-4f5d-8c25-8c506f7e219a.json","status":1,"created":"2025-11-21T07:30:33+00:00"}
2025-11-21 07:30:33 info: {"id":"befb37c1-44c2-4e72-95d2-ec502b69bdb4","user_id":"0d43c1f0-706c-4f5d-8c25-8c506f7e219a","action_id":"bef9f3ca-86ef-5c6a-9b38-320e03ceb5df","context":"GET \/settings.json","status":1,"created":"2025-11-21T07:30:33+00:00"}
2025-11-21 07:30:33 info: {"id":"8f420fe2-05de-4d57-b0c6-16c92b603510","user_id":"0d43c1f0-706c-4f5d-8c25-8c506f7e219a","action_id":"30237a18-fd12-5935-b1be-1e2a62ccb71d","context":"GET \/roles.json","status":1,"created":"2025-11-21T07:30:33+00:00"}
2025-11-21 07:30:33 info: {"id":"a384d43c-450d-4312-94ef-55a7db99f2d3","user_id":"0d43c1f0-706c-4f5d-8c25-8c506f7e219a","action_id":"881ab948-e40f-5a72-91aa-54b442270029","context":"GET \/users\/0d43c1f0-706c-4f5d-8c25-8c506f7e219a.json","status":1,"created":"2025-11-21T07:30:33+00:00"}
2025-11-21 07:30:33 info: {"id":"2ee12349-bda2-4013-96b2-7c97d7536919","user_id":"0d43c1f0-706c-4f5d-8c25-8c506f7e219a","action_id":"a04f2607-8cb6-56c6-a9cb-6b9c7603bacd","context":"GET \/rbacs\/me.json","status":1,"created":"2025-11-21T07:30:33+00:00"}
2025-11-21 07:30:33 info: {"id":"a2a58b93-64a0-4ec4-b2d3-8a5728b35a55","user_id":"0d43c1f0-706c-4f5d-8c25-8c506f7e219a","action_id":"4dd4a164-b4e1-57eb-ac2e-4a223810323c","context":"GET \/mfa-policies\/settings.json","status":1,"created":"2025-11-21T07:30:33+00:00"}
2025-11-21 07:30:33 info: {"id":"5a6c709f-5094-42f7-843d-1706783db4e7","user_id":"0d43c1f0-706c-4f5d-8c25-8c506f7e219a","action_id":"3cffe6ef-ea4c-5bc3-869b-945f26e2601a","context":"GET \/groups.json","status":1,"created":"2025-11-21T07:30:33+00:00"}
2025-11-21 07:30:33 info: {"id":"e2d5968a-697d-44e7-86d4-0a57f75828dc","user_id":"0d43c1f0-706c-4f5d-8c25-8c506f7e219a","action_id":"941bab2b-038f-5b6d-be9b-6fb10ec9d675","context":"GET \/ee\/subscription\/key.json","status":1,"created":"2025-11-21T07:30:33+00:00"}
2025-11-21 07:30:33 info: {"id":"99040a36-4e64-4ffa-8c42-4a649b41c48a","user_id":"0d43c1f0-706c-4f5d-8c25-8c506f7e219a","action_id":"72a35b3d-5baf-57cd-b6ba-a946bd879ad4","context":"GET \/password-policies\/settings.json","status":1,"created":"2025-11-21T07:30:33+00:00"}
2025-11-21 07:30:33 info: {"id":"a8129f36-12e0-4af1-ac98-a70b0208d488","user_id":"0d43c1f0-706c-4f5d-8c25-8c506f7e219a","action_id":"e2aa01a9-84ec-55f8-aaed-24ee23259339","context":"GET \/resource-types.json","status":1,"created":"2025-11-21T07:30:33+00:00"}
2025-11-21 07:30:33 info: {"id":"7267541a-2cba-4355-86f1-46543c2a06cb","user_id":"0d43c1f0-706c-4f5d-8c25-8c506f7e219a","action_id":"6729d30a-1efa-53a4-8c03-e7542b2fedbe","context":"GET \/password-expiry\/settings.json","status":1,"created":"2025-11-21T07:30:33+00:00"}
2025-11-21 07:30:33 info: {"id":"58ef951f-3aa4-4a5c-a24f-f336ddec2353","user_id":"0d43c1f0-706c-4f5d-8c25-8c506f7e219a","action_id":"b20e3cc2-e4ea-5b42-804b-7edc9878ef3d","context":"GET \/metadata\/keys\/settings.json","status":1,"created":"2025-11-21T07:30:33+00:00"}
2025-11-21 07:30:33 info: {"id":"f6755095-b8da-4151-b475-6faae6cdd27b","user_id":"0d43c1f0-706c-4f5d-8c25-8c506f7e219a","action_id":"12c1b158-0100-53d8-a979-83d3cc4a86bc","context":"GET \/metadata\/types\/settings.json","status":1,"created":"2025-11-21T07:30:33+00:00"}
2025-11-21 07:30:33 info: {"id":"1d0a2292-7cf9-45ca-9a53-3ae729dde48a","user_id":"0d43c1f0-706c-4f5d-8c25-8c506f7e219a","action_id":"e42b232e-6ddb-56c6-933e-f20c95cdce60","context":"GET \/account-recovery\/organization-policies.json","status":1,"created":"2025-11-21T07:30:33+00:00"}
2025-11-21 07:30:33 info: {"id":"386a4f33-4633-4b0e-8456-f484ac62e08b","user_id":"0d43c1f0-706c-4f5d-8c25-8c506f7e219a","action_id":"c506210f-7866-5691-8fc1-58772e8f49f1","context":"GET \/resources.json","status":1,"created":"2025-11-21T07:30:33+00:00"}
2025-11-21 07:30:33 info: {"id":"f6fab3f1-3de1-4b27-aa19-f83f923f526c","user_id":"0d43c1f0-706c-4f5d-8c25-8c506f7e219a","action_id":"30259dec-c224-509d-b742-96e2a6a85475","context":"GET \/mfa\/setup\/select.json","status":1,"created":"2025-11-21T07:30:33+00:00"}
2025-11-21 07:30:33 info: {"id":"ec357f54-c847-43e0-9b83-48600805b464","user_id":"0d43c1f0-706c-4f5d-8c25-8c506f7e219a","action_id":"1cd53591-cb6b-5b03-b0be-05a54644263d","context":"GET \/folders.json","status":1,"created":"2025-11-21T07:30:33+00:00"}
2025-11-21 07:30:33 info: {"id":"0fdd4973-f32f-4510-89a9-5a43624ffc92","user_id":"0d43c1f0-706c-4f5d-8c25-8c506f7e219a","action_id":"87579e41-ab61-5e59-922f-3048597d6fbe","context":"GET \/metadata\/session-keys.json","status":1,"created":"2025-11-21T07:30:33+00:00"}
2025-11-21 07:30:34 info: {"id":"9b1d0051-1f0a-4864-9339-dbc5ab3fd5e4","user_id":"0d43c1f0-706c-4f5d-8c25-8c506f7e219a","action_id":"e38db0b5-838d-5f43-8609-92a25843e9d3","context":"GET \/metadata\/keys.json","status":1,"created":"2025-11-21T07:30:34+00:00"}
2025-11-21 07:30:35 info: {"id":"a8ccbe79-168d-4428-b78b-b76bd70173d5","user_id":"0d43c1f0-706c-4f5d-8c25-8c506f7e219a","action_id":"58609891-0e45-5811-b026-b682ccd3faa1","context":"PUT \/metadata\/session-keys\/bca530d3-2d5b-4dcc-8d80-10b55c3b7729.json","status":1,"created":"2025-11-21T07:30:35+00:00"}
2025-11-21 07:30:36 info: {"id":"20387184-c0f5-41ae-aaac-9b99ce0a31de","user_id":"0d43c1f0-706c-4f5d-8c25-8c506f7e219a","action_id":"3718aecb-1f9d-5d6f-83bb-fcd3562d014d","context":"GET \/secret-revisions\/settings.json","status":1,"created":"2025-11-21T07:30:36+00:00"}
2025-11-21 07:30:47 info: {"id":"a32beb89-fdc6-4ff3-b8c1-30161ee9a3eb","user_id":"0d43c1f0-706c-4f5d-8c25-8c506f7e219a","action_id":"ad8bbc35-6435-538e-b1a7-80b87bcedb6a","context":"POST \/resources.json","status":1,"created":"2025-11-21T07:30:47+00:00"}
2025-11-21 07:30:53 info: {"id":"419040cd-863e-4692-96ec-baa7040ed5c3","user_id":"0d43c1f0-706c-4f5d-8c25-8c506f7e219a","action_id":"10371a04-5233-5bd2-96a6-89830082f03b","context":"GET \/secret-revisions\/resource\/6b8b6d48-7cdc-4751-a725-fe574844d976.json","status":1,"created":"2025-11-21T07:30:53+00:00"}
2025-11-21 07:30:58 info: {"id":"0eb9a7c3-239d-41ad-aa86-9f03137dfdcd","user_id":"0d43c1f0-706c-4f5d-8c25-8c506f7e219a","action_id":"c506210f-7866-5691-8fc1-58772e8f49f1","context":"GET \/resources.json","status":1,"created":"2025-11-21T07:30:58+00:00"}
2025-11-21 07:31:01 info: {"id":"a737d050-5b1c-4124-8b4d-e2fc4262a3d6","user_id":"0d43c1f0-706c-4f5d-8c25-8c506f7e219a","action_id":"10807e9e-d525-5acc-b05d-cccbbd252a93","context":"GET \/share\/search-aros.json","status":1,"created":"2025-11-21T07:31:01+00:00"}
2025-11-21 07:31:04 info: {"id":"83802110-de7f-44a1-b2a5-9670e33a3170","user_id":"0d43c1f0-706c-4f5d-8c25-8c506f7e219a","action_id":"f5928fca-ddb3-5a40-b022-9a8bec18fd1c","context":"PUT \/resources\/6b8b6d48-7cdc-4751-a725-fe574844d976.json","status":1,"created":"2025-11-21T07:31:04+00:00"}
2025-11-21 07:31:04 info: {"id":"2d02d669-feb3-4e9b-8d3a-121fa6af7102","user_id":"0d43c1f0-706c-4f5d-8c25-8c506f7e219a","action_id":"7df37cb5-cfb9-57c2-a7a5-b65c9f573de0","context":"POST \/share\/simulate\/resource\/6b8b6d48-7cdc-4751-a725-fe574844d976.json","status":1,"created":"2025-11-21T07:31:04+00:00"}
2025-11-21 07:31:04 info: {"id":"2537e442-cd4d-4979-9747-2459f6a20c21","user_id":"0d43c1f0-706c-4f5d-8c25-8c506f7e219a","action_id":"c506210f-7866-5691-8fc1-58772e8f49f1","context":"GET \/resources.json","status":1,"created":"2025-11-21T07:31:04+00:00"}
2025-11-21 07:31:04 info: {"id":"595259f1-807c-4ec0-8e7b-eada27c2e44a","user_id":"0d43c1f0-706c-4f5d-8c25-8c506f7e219a","action_id":"a8b75aae-cb86-5fda-a8b3-d36ae6155023","context":"GET \/gpgkeys.json","status":1,"created":"2025-11-21T07:31:04+00:00"}
2025-11-21 07:31:04 info: {"id":"98348023-93a9-4fe2-936c-9ced9ad6d4ba","user_id":"0d43c1f0-706c-4f5d-8c25-8c506f7e219a","action_id":"f3b4bd12-9d43-5749-a5fe-425c4cfe3ccb","context":"PUT \/share\/resource\/6b8b6d48-7cdc-4751-a725-fe574844d976.json","status":1,"created":"2025-11-21T07:31:04+00:00"}
2025-11-21 07:31:04 info: {"id":"e245b645-23bd-4610-8798-43ee1ce4d5ff","user_id":"0d43c1f0-706c-4f5d-8c25-8c506f7e219a","action_id":"c506210f-7866-5691-8fc1-58772e8f49f1","context":"GET \/resources.json","status":1,"created":"2025-11-21T07:31:04+00:00"}
2025-11-21 07:31:04 info: {"id":"06f4b005-3936-402d-bac2-218d7aecb699","user_id":"0d43c1f0-706c-4f5d-8c25-8c506f7e219a","action_id":"58609891-0e45-5811-b026-b682ccd3faa1","context":"PUT \/metadata\/session-keys\/bca530d3-2d5b-4dcc-8d80-10b55c3b7729.json","status":1,"created":"2025-11-21T07:31:04+00:00"}
2025-11-21 07:31:04 info: {"id":"238e95bb-bec8-4351-8451-7e2ca62a6276","user_id":"0d43c1f0-706c-4f5d-8c25-8c506f7e219a","action_id":"1df624ae-eea2-5055-a202-d1068feefe04","context":"GET \/permissions\/resource\/6b8b6d48-7cdc-4751-a725-fe574844d976.json","status":1,"created":"2025-11-21T07:31:04+00:00"}
2025-11-21 07:31:40 info: {"timestamp":"2025-11-21 07:31:40","user":"ada@passbolt.com","action":"user_login","context":"Ada Lovelace (ada@passbolt.com) login","status":1}
2025-11-21 07:31:44 info: {"timestamp":"2025-11-21 07:31:44","user":"ada@passbolt.com","action":"password_access","context":"Ada Lovelace (ada@passbolt.com) accessed password","status":1,"resource_id":"d1773972-6576-4483-baf5-45954f954105","resource_name":null,"resource_username":null,"resource_uri":null}
2025-11-21 07:31:48 info: {"timestamp":"2025-11-21 07:31:48","user":"ada@passbolt.com","action":"password_update","context":"Ada Lovelace (ada@passbolt.com) updated password","status":1,"resource_id":"d1773972-6576-4483-baf5-45954f954105","resource_name":null,"resource_username":null,"resource_uri":null}
2025-11-21 07:32:19 info: {"timestamp":"2025-11-21 07:32:19","user":"ada@passbolt.com","action":"password_add","context":"Ada Lovelace (ada@passbolt.com) created password","status":1,"resource_id":"9c1634ef-d76f-43d6-b789-c18bb118d7b3","resource_name":null,"resource_username":null,"resource_uri":null}
2025-11-21 07:32:33 info: {"timestamp":"2025-11-21 07:32:33","user":"ada@passbolt.com","action":"password_update","context":"Ada Lovelace (ada@passbolt.com) updated password","status":1,"resource_id":"9c1634ef-d76f-43d6-b789-c18bb118d7b3","resource_name":null,"resource_username":null,"resource_uri":null}
2025-11-21 07:32:33 info: {"timestamp":"2025-11-21 07:32:33","user":"ada@passbolt.com","action":"share","context":" shared password with: michael.chen@example.com (Michael Chen) CAN_READ","status":1,"resource_id":"9c1634ef-d76f-43d6-b789-c18bb118d7b3","resource_name":null}
2025-11-21 07:36:27 info: {"timestamp":"2025-11-21 07:36:27","user":"fake@example.com","action":"user_login","context":"Fake User (fake@example.com) login","status":1}
2025-11-21 07:57:29 info: {"timestamp":"2025-11-21 07:57:29","user":"ada@passbolt.com","action":"password_add","context":"Ada Lovelace (ada@passbolt.com) created password","status":1,"resource_id":"47d91131-d216-4c6d-be70-dc367bbd298a","resource_name":null,"resource_username":null,"resource_uri":null}
2025-11-21 07:57:39 info: {"timestamp":"2025-11-21 07:57:39","user":"ada@passbolt.com","action":"password_update","context":"Ada Lovelace (ada@passbolt.com) updated password","status":1,"resource_id":"47d91131-d216-4c6d-be70-dc367bbd298a","resource_name":null,"resource_username":null,"resource_uri":null}
2025-11-21 07:57:39 info: {"timestamp":"2025-11-21 07:57:39","user":"ada@passbolt.com","action":"share","context":" shared password with: fake@example.com (Fake User) CAN_READ","status":1,"resource_id":"47d91131-d216-4c6d-be70-dc367bbd298a","resource_name":null}
2025-11-21 07:57:56 info: {"timestamp":"2025-11-21 07:57:56","user":"ada@passbolt.com","action":"password_access","context":"Ada Lovelace (ada@passbolt.com) accessed password","status":1,"resource_id":"47d91131-d216-4c6d-be70-dc367bbd298a","resource_name":null,"resource_username":null,"resource_uri":null}
2025-11-21 07:58:17 info: {"timestamp":"2025-11-21 07:58:17","user":"ada@passbolt.com","action":"share","context":" shared password and updated permissions for: fake@example.com (Fake User) OWNER","status":1,"resource_id":"47d91131-d216-4c6d-be70-dc367bbd298a","resource_name":null}
2025-11-21 07:58:29 info: {"timestamp":"2025-11-21 07:58:29","user":"fake@example.com","action":"user_logout","context":"Fake User (fake@example.com) logout","status":1}
2025-11-21 07:58:46 info: {"timestamp":"2025-11-21 07:58:46","user":"fake@example.com","action":"user_login","context":"Fake User (fake@example.com) login","status":1}
2025-11-21 08:00:40 info: {"timestamp":"2025-11-21 08:00:40","user":"fake@example.com","action":"user_logout","context":"Fake User (fake@example.com) logout","status":1}
2025-11-21 08:00:46 info: {"timestamp":"2025-11-21 08:00:46","user":"fake@example.com","action":"user_login","context":"Fake User (fake@example.com) login","status":1}
2025-11-21 08:00:51 info: {"timestamp":"2025-11-21 08:00:51","user":"fake@example.com","action":"password_access","context":"Fake User (fake@example.com) accessed password","status":1,"resource_id":"47d91131-d216-4c6d-be70-dc367bbd298a","resource_name":null,"resource_username":null,"resource_uri":null}
2025-11-21 08:01:07 info: {"timestamp":"2025-11-21 08:01:07","user":"fake@example.com","action":"share","context":" shared password and removed permissions for: ada@passbolt.com (Ada Lovelace) OWNER","status":1,"resource_id":"47d91131-d216-4c6d-be70-dc367bbd298a","resource_name":null}
2025-11-21 08:02:40 info: {"timestamp":"2025-11-21 08:02:40","user":"fake@example.com","action":"password_access","context":"Fake User (fake@example.com) accessed password","status":1,"resource_id":"47d91131-d216-4c6d-be70-dc367bbd298a","resource_name":null,"resource_username":null,"resource_uri":null}
2025-11-21 08:02:43 info: {"timestamp":"2025-11-21 08:02:43","user":"fake@example.com","action":"password_update","context":"Fake User (fake@example.com) updated password","status":1,"resource_id":"47d91131-d216-4c6d-be70-dc367bbd298a","resource_name":null,"resource_username":null,"resource_uri":null}
2025-11-24 05:36:31 info: {"timestamp":"2025-11-24 05:36:31","user":"ada@passbolt.com","action":"user_login","context":"Ada Lovelace (ada@passbolt.com) login","status":1}
